SF:/Users/steffenkux/development/working/corpus.core/colibri-stateless/bindings/dart/lib/src/storage.dart
DA:18,1
DA:19,2
DA:21,1
DA:23,3
DA:26,1
DA:28,2
DA:32,3
DA:35,3
LF:8
LH:8
end_of_record
SF:/Users/steffenkux/development/working/corpus.core/colibri-stateless/bindings/dart/lib/src/client.dart
DA:18,2
DA:29,1
DA:30,2
DA:31,2
DA:32,2
DA:33,2
DA:34,1
DA:35,2
DA:37,2
DA:54,1
DA:55,2
DA:59,2
DA:60,6
DA:61,2
DA:65,1
DA:66,1
DA:67,2
DA:70,1
DA:71,1
DA:74,2
DA:75,0
DA:80,2
DA:81,1
DA:83,1
DA:84,1
DA:85,2
DA:86,1
DA:87,0
DA:88,1
DA:89,1
DA:90,1
DA:91,1
DA:92,1
DA:93,1
DA:96,0
DA:100,2
DA:105,1
DA:110,1
DA:111,1
DA:112,2
DA:116,1
DA:120,2
DA:121,0
DA:126,2
DA:127,1
DA:129,1
DA:130,1
DA:131,1
DA:132,1
DA:133,0
DA:134,1
DA:135,1
DA:136,1
DA:137,1
DA:138,1
DA:139,1
DA:142,0
DA:146,2
DA:154,1
DA:155,1
DA:158,1
DA:159,1
DA:160,1
DA:161,0
DA:162,0
DA:163,0
DA:164,0
DA:165,0
DA:166,0
DA:167,0
DA:172,1
DA:173,2
DA:175,0
DA:177,0
DA:180,1
DA:184,1
DA:188,1
DA:190,1
DA:191,5
DA:193,0
DA:197,2
DA:201,1
DA:205,1
DA:206,1
DA:207,0
DA:210,2
DA:211,4
DA:215,2
DA:216,1
DA:217,7
DA:220,1
DA:221,2
DA:222,2
DA:229,0
DA:233,1
DA:234,1
DA:235,1
DA:236,0
DA:237,1
DA:238,2
DA:239,0
DA:241,1
DA:242,1
DA:243,0
DA:245,1
DA:250,1
DA:251,1
DA:252,2
DA:255,1
DA:256,1
DA:259,2
DA:260,1
DA:262,3
DA:265,1
DA:266,3
DA:267,1
DA:268,3
DA:269,0
DA:270,0
DA:271,0
DA:272,0
DA:274,0
DA:279,0
DA:285,0
DA:292,0
DA:297,0
DA:299,0
DA:300,0
DA:301,0
DA:303,0
DA:305,0
DA:307,0
DA:308,0
DA:309,0
DA:310,0
DA:311,0
DA:312,0
DA:315,0
DA:322,0
DA:328,1
DA:335,1
DA:337,2
DA:338,0
DA:339,0
DA:340,0
DA:341,0
DA:346,2
DA:348,4
DA:349,0
DA:350,0
DA:351,0
DA:352,0
DA:357,2
DA:359,4
DA:360,0
DA:361,0
DA:362,0
DA:363,0
DA:368,2
DA:370,4
DA:376,0
LF:161
LH:105
end_of_record
SF:/Users/steffenkux/development/working/corpus.core/colibri-stateless/bindings/dart/lib/src/types.dart
DA:15,2
DA:16,4
DA:17,4
DA:27,0
DA:32,0
DA:34,0
DA:35,0
DA:37,0
DA:43,0
DA:48,0
DA:53,0
DA:59,0
DA:65,1
DA:86,1
DA:87,1
DA:89,1
DA:90,2
DA:94,1
DA:95,2
DA:97,1
DA:98,1
DA:100,1
DA:101,0
DA:104,1
DA:106,1
DA:107,1
DA:108,1
DA:109,1
DA:111,2
DA:112,2
DA:113,0
LF:31
LH:20
end_of_record
SF:/Users/steffenkux/development/working/corpus.core/colibri-stateless/bindings/dart/lib/src/native.dart
DA:112,1
DA:115,1
DA:121,2
DA:122,1
DA:126,1
DA:129,1
DA:130,3
DA:132,1
DA:133,2
DA:134,1
DA:135,3
DA:136,1
DA:137,1
DA:145,1
DA:151,2
DA:152,5
DA:153,0
DA:154,4
DA:155,1
DA:162,0
DA:168,0
DA:169,0
DA:175,2
DA:177,2
DA:179,2
DA:184,2
DA:185,4
DA:188,2
DA:189,2
DA:190,4
DA:191,4
DA:192,2
DA:193,2
DA:194,4
DA:195,2
DA:196,2
DA:197,2
DA:198,2
DA:199,4
DA:200,2
DA:201,2
DA:202,4
DA:203,2
DA:204,2
DA:205,2
DA:225,2
DA:226,0
DA:227,2
DA:228,2
DA:229,2
DA:233,1
DA:239,1
DA:240,1
DA:241,2
DA:242,1
DA:243,1
DA:247,1
DA:248,1
DA:253,1
DA:254,2
DA:255,2
DA:256,3
DA:261,1
DA:262,2
DA:263,5
DA:264,0
DA:266,4
DA:270,3
DA:273,1
DA:280,2
DA:281,1
DA:282,3
DA:285,1
DA:286,2
DA:287,1
DA:289,1
DA:290,1
DA:291,1
DA:293,2
DA:294,1
DA:295,1
DA:296,1
DA:298,1
DA:301,2
DA:302,1
DA:304,1
DA:305,1
DA:306,1
DA:307,1
DA:313,1
DA:314,2
DA:315,2
DA:316,3
DA:321,3
DA:324,1
DA:325,2
DA:326,1
DA:327,3
DA:330,1
DA:331,2
DA:332,1
DA:334,4
DA:335,2
DA:336,1
DA:338,1
DA:342,0
DA:343,0
DA:344,0
DA:345,0
DA:349,2
DA:350,2
DA:351,6
DA:352,2
DA:357,1
DA:360,1
DA:361,2
DA:362,2
DA:363,2
DA:364,1
DA:365,2
DA:366,1
DA:370,0
DA:373,0
DA:374,0
DA:375,0
DA:376,0
DA:377,0
DA:378,0
DA:379,0
DA:383,0
DA:384,0
DA:385,0
DA:389,0
DA:392,0
DA:395,0
DA:398,0
DA:402,2
DA:403,2
DA:404,2
DA:406,0
DA:407,0
DA:409,0
DA:410,0
DA:412,0
LF:144
LH:114
end_of_record
